{"source":"debug-client-log","sessionId":"0abe76","location":"ZipEntry.tsx:mount","message":"ZipEntry mounted","data":{},"timestamp":1774437026755,"hypothesisId":"H5","runId":"post-fix3","receivedAtServer":1774437026770}
{"source":"debug-client-log","sessionId":"0abe76","location":"ZipEntry.tsx:unmount","message":"ZipEntry unmounted","data":{},"timestamp":1774437026756,"hypothesisId":"H5","runId":"post-fix3","receivedAtServer":1774437026771}
{"source":"debug-client-log","sessionId":"0abe76","location":"ZipEntry.tsx:mount","message":"ZipEntry mounted","data":{},"timestamp":1774437026756,"hypothesisId":"H5","runId":"post-fix3","receivedAtServer":1774437026772}
{"source":"debug-client-log","sessionId":"0abe76","location":"ZipEntry.tsx:input:onFocus","message":"zip input focus","data":{"stateZipLen":0,"refValLen":0},"timestamp":1774437028429,"hypothesisId":"H2","runId":"post-fix3","receivedAtServer":1774437028456}
{"source":"debug-client-log","sessionId":"0abe76","location":"ZipEntry.tsx:input:onChange","message":"zip input change","data":{"vLen":1,"rawLen":1},"timestamp":1774437029458,"hypothesisId":"H2","runId":"post-fix3","receivedAtServer":1774437029483}
{"source":"debug-client-log","sessionId":"0abe76","location":"ZipEntry.tsx:input:onChange","message":"zip input change","data":{"vLen":2,"rawLen":2},"timestamp":1774437029564,"hypothesisId":"H2","runId":"post-fix3","receivedAtServer":1774437029582}
{"source":"debug-client-log","sessionId":"0abe76","location":"ZipEntry.tsx:input:onChange","message":"zip input change","data":{"vLen":3,"rawLen":3},"timestamp":1774437030743,"hypothesisId":"H2","runId":"post-fix3","receivedAtServer":1774437030764}
{"source":"debug-client-log","sessionId":"0abe76","location":"ZipEntry.tsx:input:onChange","message":"zip input change","data":{"vLen":4,"rawLen":4},"timestamp":1774437030925,"hypothesisId":"H2","runId":"post-fix3","receivedAtServer":1774437030955}
{"source":"debug-client-log","sessionId":"0abe76","location":"ZipEntry.tsx:input:onChange","message":"zip input change","data":{"vLen":5,"rawLen":5},"timestamp":1774437031084,"hypothesisId":"H2","runId":"post-fix3","receivedAtServer":1774437031105}
{"source":"debug-client-log","sessionId":"0abe76","location":"ZipEntry.tsx:form:onSubmit","message":"form submit","data":{},"timestamp":1774437032678,"hypothesisId":"H1","runId":"post-fix3","receivedAtServer":1774437032747}
{"source":"debug-client-log","sessionId":"0abe76","location":"ZipEntry.tsx:handleZipLookup:entry","message":"lookup invoked","data":{"digitsLen":5,"stateZipLen":5,"refLen":5},"timestamp":1774437032678,"hypothesisId":"H1","runId":"post-fix3","receivedAtServer":1774437032748}
{"source":"debug-client-log","sessionId":"0abe76","location":"ZipEntry.tsx:handleZipLookup:fetchStart","message":"calling /api/counties","data":{"digitsLen":5},"timestamp":1774437032678,"hypothesisId":"H3","runId":"post-fix3","receivedAtServer":1774437032748}
{"sessionId":"0abe76","source":"counties-GET","location":"counties/route.ts:GET","message":"counties request","hypothesisId":"H4","runId":"post-fix3","zipcodeLen":5,"receivedAtServer":1774437032758}
{"sessionId":"0abe76","source":"counties-success","location":"counties/route.ts:success","message":"counties ok","hypothesisId":"H4","runId":"post-fix3","countyCount":1,"receivedAtServer":1774437033054}
{"source":"debug-client-log","sessionId":"0abe76","location":"ZipEntry.tsx:handleZipLookup:fetchResponse","message":"fetch returned","data":{"ok":true,"status":200},"timestamp":1774437033057,"hypothesisId":"H3","runId":"post-fix3","receivedAtServer":1774437033062}
{"source":"debug-client-log","sessionId":"0abe76","location":"ZipEntry.tsx:unmount","message":"ZipEntry unmounted","data":{},"timestamp":1774437038857,"hypothesisId":"H5","runId":"post-fix3","receivedAtServer":1774437038870}
{"source":"debug-client-log","sessionId":"0abe76","location":"ZipEntry.tsx:mount","message":"ZipEntry mounted","data":{},"timestamp":1774437091944,"hypothesisId":"H5","runId":"post-fix3","receivedAtServer":1774437091966}
{"source":"debug-client-log","sessionId":"0abe76","location":"ZipEntry.tsx:unmount","message":"ZipEntry unmounted","data":{},"timestamp":1774437091949,"hypothesisId":"H5","runId":"post-fix3","receivedAtServer":1774437091967}
{"source":"debug-client-log","sessionId":"0abe76","location":"ZipEntry.tsx:mount","message":"ZipEntry mounted","data":{},"timestamp":1774437091950,"hypothesisId":"H5","runId":"post-fix3","receivedAtServer":1774437091972}
{"source":"debug-client-log","sessionId":"0abe76","location":"ZipEntry.tsx:input:onFocus","message":"zip input focus","data":{"stateZipLen":0,"refValLen":0},"timestamp":1774437093158,"hypothesisId":"H2","runId":"post-fix3","receivedAtServer":1774437093174}
{"source":"debug-client-log","sessionId":"0abe76","location":"ZipEntry.tsx:input:onChange","message":"zip input change","data":{"vLen":1,"rawLen":1},"timestamp":1774437093921,"hypothesisId":"H2","runId":"post-fix3","receivedAtServer":1774437093947}
{"source":"debug-client-log","sessionId":"0abe76","location":"ZipEntry.tsx:input:onChange","message":"zip input change","data":{"vLen":2,"rawLen":2},"timestamp":1774437094016,"hypothesisId":"H2","runId":"post-fix3","receivedAtServer":1774437094064}
{"source":"debug-client-log","sessionId":"0abe76","location":"ZipEntry.tsx:input:onChange","message":"zip input change","data":{"vLen":3,"rawLen":3},"timestamp":1774437094181,"hypothesisId":"H2","runId":"post-fix3","receivedAtServer":1774437094206}
{"source":"debug-client-log","sessionId":"0abe76","location":"ZipEntry.tsx:input:onChange","message":"zip input change","data":{"vLen":4,"rawLen":4},"timestamp":1774437094315,"hypothesisId":"H2","runId":"post-fix3","receivedAtServer":1774437094342}
{"source":"debug-client-log","sessionId":"0abe76","location":"ZipEntry.tsx:input:onChange","message":"zip input change","data":{"vLen":5,"rawLen":5},"timestamp":1774437094390,"hypothesisId":"H2","runId":"post-fix3","receivedAtServer":1774437094411}
{"source":"debug-client-log","sessionId":"0abe76","location":"ZipEntry.tsx:form:onSubmit","message":"form submit","data":{},"timestamp":1774437095679,"hypothesisId":"H1","runId":"post-fix3","receivedAtServer":1774437095698}
{"source":"debug-client-log","sessionId":"0abe76","location":"ZipEntry.tsx:handleZipLookup:entry","message":"lookup invoked","data":{"digitsLen":5,"stateZipLen":5,"refLen":5},"timestamp":1774437095680,"hypothesisId":"H1","runId":"post-fix3","receivedAtServer":1774437095698}
{"source":"debug-client-log","sessionId":"0abe76","location":"ZipEntry.tsx:handleZipLookup:fetchStart","message":"calling /api/counties","data":{"digitsLen":5},"timestamp":1774437095681,"hypothesisId":"H3","runId":"post-fix3","receivedAtServer":1774437095699}
{"sessionId":"0abe76","source":"counties-GET","location":"counties/route.ts:GET","message":"counties request","hypothesisId":"H4","runId":"post-fix3","zipcodeLen":5,"receivedAtServer":1774437095701}
{"sessionId":"0abe76","source":"counties-success","location":"counties/route.ts:success","message":"counties ok","hypothesisId":"H4","runId":"post-fix3","countyCount":1,"receivedAtServer":1774437095884}
{"source":"debug-client-log","sessionId":"0abe76","location":"ZipEntry.tsx:handleZipLookup:fetchResponse","message":"fetch returned","data":{"ok":true,"status":200},"timestamp":1774437095888,"hypothesisId":"H3","runId":"post-fix3","receivedAtServer":1774437095899}
{"source":"debug-client-log","sessionId":"0abe76","location":"ZipEntry.tsx:unmount","message":"ZipEntry unmounted","data":{},"timestamp":1774437097511,"hypothesisId":"H5","runId":"post-fix3","receivedAtServer":1774437097528}
{"source":"debug-client-log","sessionId":"0abe76","location":"ZipEntry.tsx:unmount","message":"ZipEntry unmounted","data":{},"timestamp":1774438734716,"hypothesisId":"H5","runId":"post-fix3","receivedAtServer":1774438735260}
{"source":"debug-client-log","sessionId":"0abe76","location":"ZipEntry.tsx:mount","message":"ZipEntry mounted","data":{},"timestamp":1774438734718,"hypothesisId":"H5","runId":"post-fix3","receivedAtServer":1774438735261}
{"source":"debug-client-log","sessionId":"0abe76","location":"ZipEntry.tsx:mount","message":"ZipEntry mounted","data":{},"timestamp":1774438734708,"hypothesisId":"H5","runId":"post-fix3","receivedAtServer":1774438735261}
{"source":"debug-client-log","sessionId":"0abe76","location":"ZipEntry.tsx:input:onFocus","message":"zip input focus","data":{"stateZipLen":0,"refValLen":0},"timestamp":1774438757936,"hypothesisId":"H2","runId":"post-fix3","receivedAtServer":1774438757981}
{"source":"debug-client-log","sessionId":"0abe76","location":"ZipEntry.tsx:input:onChange","message":"zip input change","data":{"vLen":5,"rawLen":5},"timestamp":1774438896184,"hypothesisId":"H2","runId":"post-fix3","receivedAtServer":1774438896234}
{"source":"debug-client-log","sessionId":"0abe76","location":"ZipEntry.tsx:input:onFocus","message":"zip input focus","data":{"stateZipLen":5,"refValLen":5},"timestamp":1774438901113,"hypothesisId":"H2","runId":"post-fix3","receivedAtServer":1774438901151}
{"source":"debug-client-log","sessionId":"0abe76","location":"ZipEntry.tsx:form:onSubmit","message":"form submit","data":{},"timestamp":1774438901469,"hypothesisId":"H1","runId":"post-fix3","receivedAtServer":1774438901572}
{"source":"debug-client-log","sessionId":"0abe76","location":"ZipEntry.tsx:handleZipLookup:entry","message":"lookup invoked","data":{"digitsLen":5,"stateZipLen":5,"refLen":5},"timestamp":1774438901469,"hypothesisId":"H1","runId":"post-fix3","receivedAtServer":1774438901573}
{"source":"debug-client-log","sessionId":"0abe76","location":"ZipEntry.tsx:handleZipLookup:fetchStart","message":"calling /api/counties","data":{"digitsLen":5},"timestamp":1774438901470,"hypothesisId":"H3","runId":"post-fix3","receivedAtServer":1774438901573}
{"sessionId":"0abe76","source":"counties-GET","location":"counties/route.ts:GET","message":"counties request","hypothesisId":"H4","runId":"post-fix3","zipcodeLen":5,"receivedAtServer":1774438901923}
{"sessionId":"0abe76","source":"counties-success","location":"counties/route.ts:success","message":"counties ok","hypothesisId":"H4","runId":"post-fix3","countyCount":1,"receivedAtServer":1774438902695}
{"source":"debug-client-log","sessionId":"0abe76","location":"ZipEntry.tsx:handleZipLookup:fetchResponse","message":"fetch returned","data":{"ok":true,"status":200},"timestamp":1774438902712,"hypothesisId":"H3","runId":"post-fix3","receivedAtServer":1774438902757}
{"source":"debug-client-log","sessionId":"0abe76","location":"ZipEntry.tsx:unmount","message":"ZipEntry unmounted","data":{},"timestamp":1774438937273,"hypothesisId":"H5","runId":"post-fix3","receivedAtServer":1774438937922}
{"source":"debug-client-log","sessionId":"0abe76","location":"ZipEntry.tsx:mount","message":"ZipEntry mounted","data":{},"timestamp":1774438937275,"hypothesisId":"H5","runId":"post-fix3","receivedAtServer":1774438937923}
{"source":"debug-client-log","sessionId":"0abe76","location":"ZipEntry.tsx:mount","message":"ZipEntry mounted","data":{},"timestamp":1774438937269,"hypothesisId":"H5","runId":"post-fix3","receivedAtServer":1774438937924}
{"source":"debug-client-log","sessionId":"0abe76","location":"ZipEntry.tsx:input:onFocus","message":"zip input focus","data":{"stateZipLen":0,"refValLen":0},"timestamp":1774438986584,"hypothesisId":"H2","runId":"post-fix3","receivedAtServer":1774438986700}
{"source":"debug-client-log","sessionId":"0abe76","location":"ZipEntry.tsx:input:onChange","message":"zip input change","data":{"vLen":1,"rawLen":1},"timestamp":1774438990956,"hypothesisId":"H2","runId":"post-fix3","receivedAtServer":1774438991065}
{"source":"debug-client-log","sessionId":"0abe76","location":"ZipEntry.tsx:input:onChange","message":"zip input change","data":{"vLen":2,"rawLen":2},"timestamp":1774438990974,"hypothesisId":"H2","runId":"post-fix3","receivedAtServer":1774438991113}
{"source":"debug-client-log","sessionId":"0abe76","location":"ZipEntry.tsx:input:onChange","message":"zip input change","data":{"vLen":3,"rawLen":3},"timestamp":1774438990986,"hypothesisId":"H2","runId":"post-fix3","receivedAtServer":1774438991114}
{"source":"debug-client-log","sessionId":"0abe76","location":"ZipEntry.tsx:input:onChange","message":"zip input change","data":{"vLen":4,"rawLen":4},"timestamp":1774438990997,"hypothesisId":"H2","runId":"post-fix3","receivedAtServer":1774438991115}
{"source":"debug-client-log","sessionId":"0abe76","location":"ZipEntry.tsx:input:onChange","message":"zip input change","data":{"vLen":5,"rawLen":5},"timestamp":1774438991006,"hypothesisId":"H2","runId":"post-fix3","receivedAtServer":1774438991153}
{"source":"debug-client-log","sessionId":"0abe76","location":"ZipEntry.tsx:form:onSubmit","message":"form submit","data":{},"timestamp":1774438999819,"hypothesisId":"H1","runId":"post-fix3","receivedAtServer":1774438999956}
{"source":"debug-client-log","sessionId":"0abe76","location":"ZipEntry.tsx:handleZipLookup:entry","message":"lookup invoked","data":{"digitsLen":5,"stateZipLen":5,"refLen":5},"timestamp":1774438999824,"hypothesisId":"H1","runId":"post-fix3","receivedAtServer":1774438999957}
{"source":"debug-client-log","sessionId":"0abe76","location":"ZipEntry.tsx:handleZipLookup:fetchStart","message":"calling /api/counties","data":{"digitsLen":5},"timestamp":1774438999827,"hypothesisId":"H3","runId":"post-fix3","receivedAtServer":1774438999958}
{"sessionId":"0abe76","source":"counties-GET","location":"counties/route.ts:GET","message":"counties request","hypothesisId":"H4","runId":"post-fix3","zipcodeLen":5,"receivedAtServer":1774438999986}
{"sessionId":"0abe76","source":"counties-success","location":"counties/route.ts:success","message":"counties ok","hypothesisId":"H4","runId":"post-fix3","countyCount":1,"receivedAtServer":1774439000168}
{"source":"debug-client-log","sessionId":"0abe76","location":"ZipEntry.tsx:handleZipLookup:fetchResponse","message":"fetch returned","data":{"ok":true,"status":200},"timestamp":1774439000185,"hypothesisId":"H3","runId":"post-fix3","receivedAtServer":1774439000275}
{"source":"debug-client-log","sessionId":"0abe76","location":"ZipEntry.tsx:unmount","message":"ZipEntry unmounted","data":{},"timestamp":1774439074244,"hypothesisId":"H5","runId":"post-fix3","receivedAtServer":1774439074335}
{"source":"debug-client-log","sessionId":"0abe76","location":"ZipEntry.tsx:unmount","message":"ZipEntry unmounted","data":{},"timestamp":1774440177567,"hypothesisId":"H5","runId":"post-fix3","receivedAtServer":1774440177653}
{"source":"debug-client-log","sessionId":"0abe76","location":"ZipEntry.tsx:mount","message":"ZipEntry mounted","data":{},"timestamp":1774440177567,"hypothesisId":"H5","runId":"post-fix3","receivedAtServer":1774440177653}
{"source":"debug-client-log","sessionId":"0abe76","location":"ZipEntry.tsx:mount","message":"ZipEntry mounted","data":{},"timestamp":1774440177565,"hypothesisId":"H5","runId":"post-fix3","receivedAtServer":1774440177654}
{"source":"debug-client-log","sessionId":"0abe76","location":"ZipEntry.tsx:unmount","message":"ZipEntry unmounted","data":{},"timestamp":1774440178850,"hypothesisId":"H5","runId":"post-fix3","receivedAtServer":1774440178861}
{"source":"debug-client-log","sessionId":"0abe76","location":"ZipEntry.tsx:mount","message":"ZipEntry mounted","data":{},"timestamp":1774440200637,"hypothesisId":"H5","runId":"post-fix3","receivedAtServer":1774440200651}
{"source":"debug-client-log","sessionId":"0abe76","location":"ZipEntry.tsx:unmount","message":"ZipEntry unmounted","data":{},"timestamp":1774440200639,"hypothesisId":"H5","runId":"post-fix3","receivedAtServer":1774440200652}
{"source":"debug-client-log","sessionId":"0abe76","location":"ZipEntry.tsx:mount","message":"ZipEntry mounted","data":{},"timestamp":1774440200640,"hypothesisId":"H5","runId":"post-fix3","receivedAtServer":1774440200658}
{"source":"debug-client-log","sessionId":"0abe76","location":"ZipEntry.tsx:unmount","message":"ZipEntry unmounted","data":{},"timestamp":1774440322914,"hypothesisId":"H5","runId":"post-fix3","receivedAtServer":1774440323003}
{"source":"debug-client-log","sessionId":"0abe76","location":"ZipEntry.tsx:mount","message":"ZipEntry mounted","data":{},"timestamp":1774440322915,"hypothesisId":"H5","runId":"post-fix3","receivedAtServer":1774440323003}
{"source":"debug-client-log","sessionId":"0abe76","location":"ZipEntry.tsx:mount","message":"ZipEntry mounted","data":{},"timestamp":1774440322913,"hypothesisId":"H5","runId":"post-fix3","receivedAtServer":1774440323004}
{"source":"debug-client-log","sessionId":"0abe76","location":"ZipEntry.tsx:input:onFocus","message":"zip input focus","data":{"stateZipLen":0,"refValLen":0},"timestamp":1774440705563,"hypothesisId":"H2","runId":"post-fix3","receivedAtServer":1774440705743}
{"source":"debug-client-log","sessionId":"0abe76","location":"ZipEntry.tsx:input:onChange","message":"zip input change","data":{"vLen":1,"rawLen":1},"timestamp":1774440706692,"hypothesisId":"H2","runId":"post-fix3","receivedAtServer":1774440706705}
{"source":"debug-client-log","sessionId":"0abe76","location":"ZipEntry.tsx:input:onChange","message":"zip input change","data":{"vLen":2,"rawLen":2},"timestamp":1774440706772,"hypothesisId":"H2","runId":"post-fix3","receivedAtServer":1774440706782}
{"source":"debug-client-log","sessionId":"0abe76","location":"ZipEntry.tsx:input:onChange","message":"zip input change","data":{"vLen":3,"rawLen":3},"timestamp":1774440706959,"hypothesisId":"H2","runId":"post-fix3","receivedAtServer":1774440706971}
{"source":"debug-client-log","sessionId":"0abe76","location":"ZipEntry.tsx:input:onChange","message":"zip input change","data":{"vLen":4,"rawLen":4},"timestamp":1774440707080,"hypothesisId":"H2","runId":"post-fix3","receivedAtServer":1774440707091}
{"source":"debug-client-log","sessionId":"0abe76","location":"ZipEntry.tsx:input:onChange","message":"zip input change","data":{"vLen":5,"rawLen":5},"timestamp":1774440707148,"hypothesisId":"H2","runId":"post-fix3","receivedAtServer":1774440707159}
{"source":"debug-client-log","sessionId":"0abe76","location":"ZipEntry.tsx:form:onSubmit","message":"form submit","data":{},"timestamp":1774440707864,"hypothesisId":"H1","runId":"post-fix3","receivedAtServer":1774440707886}
{"source":"debug-client-log","sessionId":"0abe76","location":"ZipEntry.tsx:handleZipLookup:entry","message":"lookup invoked","data":{"digitsLen":5,"stateZipLen":5,"refLen":5},"timestamp":1774440707865,"hypothesisId":"H1","runId":"post-fix3","receivedAtServer":1774440707887}
{"source":"debug-client-log","sessionId":"0abe76","location":"ZipEntry.tsx:handleZipLookup:fetchStart","message":"calling /api/counties","data":{"digitsLen":5},"timestamp":1774440707865,"hypothesisId":"H3","runId":"post-fix3","receivedAtServer":1774440708009}
{"sessionId":"0abe76","source":"counties-GET","location":"counties/route.ts:GET","message":"counties request","hypothesisId":"H4","runId":"post-fix3","zipcodeLen":5,"receivedAtServer":1774440708014}
{"sessionId":"0abe76","source":"counties-success","location":"counties/route.ts:success","message":"counties ok","hypothesisId":"H4","runId":"post-fix3","countyCount":1,"receivedAtServer":1774440708254}
{"source":"debug-client-log","sessionId":"0abe76","location":"ZipEntry.tsx:handleZipLookup:fetchResponse","message":"fetch returned","data":{"ok":true,"status":200},"timestamp":1774440708258,"hypothesisId":"H3","runId":"post-fix3","receivedAtServer":1774440708266}
{"source":"debug-client-log","sessionId":"0abe76","location":"ZipEntry.tsx:input:onFocus","message":"zip input focus","data":{"stateZipLen":5,"refValLen":5},"timestamp":1774440742911,"hypothesisId":"H2","runId":"post-fix3","receivedAtServer":1774440742976}
{"source":"debug-client-log","sessionId":"0abe76","location":"ZipEntry.tsx:mount","message":"ZipEntry mounted","data":{},"timestamp":1774440744645,"hypothesisId":"H5","runId":"post-fix3","receivedAtServer":1774440744662}
{"source":"debug-client-log","sessionId":"0abe76","location":"ZipEntry.tsx:unmount","message":"ZipEntry unmounted","data":{},"timestamp":1774440744647,"hypothesisId":"H5","runId":"post-fix3","receivedAtServer":1774440744662}
{"source":"debug-client-log","sessionId":"0abe76","location":"ZipEntry.tsx:mount","message":"ZipEntry mounted","data":{},"timestamp":1774440744648,"hypothesisId":"H5","runId":"post-fix3","receivedAtServer":1774440744669}
{"source":"debug-client-log","sessionId":"0abe76","location":"ZipEntry.tsx:mount","message":"ZipEntry mounted","data":{},"timestamp":1774441611248,"hypothesisId":"H5","runId":"post-fix3","receivedAtServer":1774441611261}
{"source":"debug-client-log","sessionId":"0abe76","location":"ZipEntry.tsx:unmount","message":"ZipEntry unmounted","data":{},"timestamp":1774441611250,"hypothesisId":"H5","runId":"post-fix3","receivedAtServer":1774441611267}
{"source":"debug-client-log","sessionId":"0abe76","location":"ZipEntry.tsx:mount","message":"ZipEntry mounted","data":{},"timestamp":1774441611251,"hypothesisId":"H5","runId":"post-fix3","receivedAtServer":1774441611268}
{"source":"debug-client-log","sessionId":"0abe76","location":"ZipEntry.tsx:input:onFocus","message":"zip input focus","data":{"stateZipLen":0,"refValLen":0},"timestamp":1774441611543,"hypothesisId":"H2","runId":"post-fix3","receivedAtServer":1774441611560}
{"source":"debug-client-log","sessionId":"0abe76","location":"ZipEntry.tsx:input:onChange","message":"zip input change","data":{"vLen":1,"rawLen":1},"timestamp":1774441612330,"hypothesisId":"H2","runId":"post-fix3","receivedAtServer":1774441612347}
{"source":"debug-client-log","sessionId":"0abe76","location":"ZipEntry.tsx:input:onChange","message":"zip input change","data":{"vLen":2,"rawLen":2},"timestamp":1774441612411,"hypothesisId":"H2","runId":"post-fix3","receivedAtServer":1774441612422}
{"source":"debug-client-log","sessionId":"0abe76","location":"ZipEntry.tsx:input:onChange","message":"zip input change","data":{"vLen":3,"rawLen":3},"timestamp":1774441612789,"hypothesisId":"H2","runId":"post-fix3","receivedAtServer":1774441612803}
{"source":"debug-client-log","sessionId":"0abe76","location":"ZipEntry.tsx:input:onChange","message":"zip input change","data":{"vLen":4,"rawLen":4},"timestamp":1774441612947,"hypothesisId":"H2","runId":"post-fix3","receivedAtServer":1774441612963}
{"source":"debug-client-log","sessionId":"0abe76","location":"ZipEntry.tsx:input:onChange","message":"zip input change","data":{"vLen":5,"rawLen":5},"timestamp":1774441613074,"hypothesisId":"H2","runId":"post-fix3","receivedAtServer":1774441613090}
{"source":"debug-client-log","sessionId":"0abe76","location":"ZipEntry.tsx:form:onSubmit","message":"form submit","data":{},"timestamp":1774441613446,"hypothesisId":"H1","runId":"post-fix3","receivedAtServer":1774441613465}
{"source":"debug-client-log","sessionId":"0abe76","location":"ZipEntry.tsx:handleZipLookup:entry","message":"lookup invoked","data":{"digitsLen":5,"stateZipLen":5,"refLen":5},"timestamp":1774441613447,"hypothesisId":"H1","runId":"post-fix3","receivedAtServer":1774441613474}
{"source":"debug-client-log","sessionId":"0abe76","location":"ZipEntry.tsx:handleZipLookup:fetchStart","message":"calling /api/counties","data":{"digitsLen":5},"timestamp":1774441613447,"hypothesisId":"H3","runId":"post-fix3","receivedAtServer":1774441613475}
{"sessionId":"0abe76","source":"counties-GET","location":"counties/route.ts:GET","message":"counties request","hypothesisId":"H4","runId":"post-fix3","zipcodeLen":5,"receivedAtServer":1774441613480}
{"sessionId":"0abe76","source":"counties-success","location":"counties/route.ts:success","message":"counties ok","hypothesisId":"H4","runId":"post-fix3","countyCount":1,"receivedAtServer":1774441613614}
{"source":"debug-client-log","sessionId":"0abe76","location":"ZipEntry.tsx:handleZipLookup:fetchResponse","message":"fetch returned","data":{"ok":true,"status":200},"timestamp":1774441613617,"hypothesisId":"H3","runId":"post-fix3","receivedAtServer":1774441613624}
{"source":"debug-client-log","sessionId":"0abe76","location":"ZipEntry.tsx:unmount","message":"ZipEntry unmounted","data":{},"timestamp":1774441615483,"hypothesisId":"H5","runId":"post-fix3","receivedAtServer":1774441615491}
{"source":"debug-client-log","sessionId":"0abe76","location":"ZipEntry.tsx:mount","message":"ZipEntry mounted","data":{},"timestamp":1774446486075,"hypothesisId":"H5","runId":"post-fix3","receivedAtServer":1774446486112}
{"source":"debug-client-log","sessionId":"0abe76","location":"ZipEntry.tsx:unmount","message":"ZipEntry unmounted","data":{},"timestamp":1774446486078,"hypothesisId":"H5","runId":"post-fix3","receivedAtServer":1774446486113}
{"source":"debug-client-log","sessionId":"0abe76","location":"ZipEntry.tsx:mount","message":"ZipEntry mounted","data":{},"timestamp":1774446486079,"hypothesisId":"H5","runId":"post-fix3","receivedAtServer":1774446486114}
{"source":"debug-client-log","sessionId":"0abe76","location":"ZipEntry.tsx:input:onFocus","message":"zip input focus","data":{"stateZipLen":0,"refValLen":0},"timestamp":1774446487518,"hypothesisId":"H2","runId":"post-fix3","receivedAtServer":1774446487536}
{"source":"debug-client-log","sessionId":"0abe76","location":"ZipEntry.tsx:input:onChange","message":"zip input change","data":{"vLen":1,"rawLen":1},"timestamp":1774446488443,"hypothesisId":"H2","runId":"post-fix3","receivedAtServer":1774446488464}
{"source":"debug-client-log","sessionId":"0abe76","location":"ZipEntry.tsx:input:onChange","message":"zip input change","data":{"vLen":2,"rawLen":2},"timestamp":1774446488550,"hypothesisId":"H2","runId":"post-fix3","receivedAtServer":1774446488561}
{"source":"debug-client-log","sessionId":"0abe76","location":"ZipEntry.tsx:input:onChange","message":"zip input change","data":{"vLen":3,"rawLen":3},"timestamp":1774446488755,"hypothesisId":"H2","runId":"post-fix3","receivedAtServer":1774446488771}
{"source":"debug-client-log","sessionId":"0abe76","location":"ZipEntry.tsx:input:onChange","message":"zip input change","data":{"vLen":4,"rawLen":4},"timestamp":1774446488924,"hypothesisId":"H2","runId":"post-fix3","receivedAtServer":1774446488941}
{"source":"debug-client-log","sessionId":"0abe76","location":"ZipEntry.tsx:input:onChange","message":"zip input change","data":{"vLen":5,"rawLen":5},"timestamp":1774446489031,"hypothesisId":"H2","runId":"post-fix3","receivedAtServer":1774446489045}
{"source":"debug-client-log","sessionId":"0abe76","location":"ZipEntry.tsx:form:onSubmit","message":"form submit","data":{},"timestamp":1774446490370,"hypothesisId":"H1","runId":"post-fix3","receivedAtServer":1774446490395}
{"source":"debug-client-log","sessionId":"0abe76","location":"ZipEntry.tsx:handleZipLookup:entry","message":"lookup invoked","data":{"digitsLen":5,"stateZipLen":5,"refLen":5},"timestamp":1774446490372,"hypothesisId":"H1","runId":"post-fix3","receivedAtServer":1774446490396}
{"source":"debug-client-log","sessionId":"0abe76","location":"ZipEntry.tsx:handleZipLookup:fetchStart","message":"calling /api/counties","data":{"digitsLen":5},"timestamp":1774446490372,"hypothesisId":"H3","runId":"post-fix3","receivedAtServer":1774446490407}
{"sessionId":"0abe76","source":"counties-GET","location":"counties/route.ts:GET","message":"counties request","hypothesisId":"H4","runId":"post-fix3","zipcodeLen":5,"receivedAtServer":1774446490424}
{"sessionId":"0abe76","source":"counties-success","location":"counties/route.ts:success","message":"counties ok","hypothesisId":"H4","runId":"post-fix3","countyCount":1,"receivedAtServer":1774446490571}
{"source":"debug-client-log","sessionId":"0abe76","location":"ZipEntry.tsx:handleZipLookup:fetchResponse","message":"fetch returned","data":{"ok":true,"status":200},"timestamp":1774446490575,"hypothesisId":"H3","runId":"post-fix3","receivedAtServer":1774446490588}
{"source":"debug-client-log","sessionId":"0abe76","location":"ZipEntry.tsx:unmount","message":"ZipEntry unmounted","data":{},"timestamp":1774446500993,"hypothesisId":"H5","runId":"post-fix3","receivedAtServer":1774446501004}
{"source":"debug-client-log","sessionId":"0abe76","location":"ZipEntry.tsx:unmount","message":"ZipEntry unmounted","data":{},"timestamp":1774448602493,"hypothesisId":"H5","runId":"post-fix3","receivedAtServer":1774448603993}
{"source":"debug-client-log","sessionId":"0abe76","location":"ZipEntry.tsx:mount","message":"ZipEntry mounted","data":{},"timestamp":1774448602495,"hypothesisId":"H5","runId":"post-fix3","receivedAtServer":1774448603994}
{"source":"debug-client-log","sessionId":"0abe76","location":"ZipEntry.tsx:mount","message":"ZipEntry mounted","data":{},"timestamp":1774448602488,"hypothesisId":"H5","runId":"post-fix3","receivedAtServer":1774448603995}
{"source":"debug-client-log","sessionId":"0abe76","location":"ZipEntry.tsx:unmount","message":"ZipEntry unmounted","data":{},"timestamp":1774448916435,"hypothesisId":"H5","runId":"post-fix3","receivedAtServer":1774448916485}
